  main.cpp
C:\Users\m2bob\Desktop\My-Projects\OOP\OOP_SIMPLE_CLASSES\OOP_EX_1\main.cpp(4,1): warning C4326: return type of 'main' should be 'int' instead of 'void'
C:\Users\m2bob\Desktop\My-Projects\OOP\OOP_SIMPLE_CLASSES\OOP_EX_1\main.cpp(5,14): error C2352: 'NumberList::Init': illegal call of non-static member function
C:\Users\m2bob\Desktop\My-Projects\OOP\OOP_SIMPLE_CLASSES\OOP_EX_1\NumberList.h(9): message : see declaration of 'NumberList::Init'
C:\Users\m2bob\Desktop\My-Projects\OOP\OOP_SIMPLE_CLASSES\OOP_EX_1\main.cpp(6,14): error C2352: 'NumberList::Add': illegal call of non-static member function
C:\Users\m2bob\Desktop\My-Projects\OOP\OOP_SIMPLE_CLASSES\OOP_EX_1\NumberList.h(10): message : see declaration of 'NumberList::Add'
C:\Users\m2bob\Desktop\My-Projects\OOP\OOP_SIMPLE_CLASSES\OOP_EX_1\main.cpp(7,14): error C2352: 'NumberList::Add': illegal call of non-static member function
C:\Users\m2bob\Desktop\My-Projects\OOP\OOP_SIMPLE_CLASSES\OOP_EX_1\NumberList.h(10): message : see declaration of 'NumberList::Add'
C:\Users\m2bob\Desktop\My-Projects\OOP\OOP_SIMPLE_CLASSES\OOP_EX_1\main.cpp(8,14): error C2352: 'NumberList::Add': illegal call of non-static member function
C:\Users\m2bob\Desktop\My-Projects\OOP\OOP_SIMPLE_CLASSES\OOP_EX_1\NumberList.h(10): message : see declaration of 'NumberList::Add'
C:\Users\m2bob\Desktop\My-Projects\OOP\OOP_SIMPLE_CLASSES\OOP_EX_1\main.cpp(9,14): error C2352: 'NumberList::Add': illegal call of non-static member function
C:\Users\m2bob\Desktop\My-Projects\OOP\OOP_SIMPLE_CLASSES\OOP_EX_1\NumberList.h(10): message : see declaration of 'NumberList::Add'
C:\Users\m2bob\Desktop\My-Projects\OOP\OOP_SIMPLE_CLASSES\OOP_EX_1\main.cpp(10,14): error C2352: 'NumberList::Add': illegal call of non-static member function
C:\Users\m2bob\Desktop\My-Projects\OOP\OOP_SIMPLE_CLASSES\OOP_EX_1\NumberList.h(10): message : see declaration of 'NumberList::Add'
C:\Users\m2bob\Desktop\My-Projects\OOP\OOP_SIMPLE_CLASSES\OOP_EX_1\main.cpp(11,14): error C2352: 'NumberList::Add': illegal call of non-static member function
C:\Users\m2bob\Desktop\My-Projects\OOP\OOP_SIMPLE_CLASSES\OOP_EX_1\NumberList.h(10): message : see declaration of 'NumberList::Add'
C:\Users\m2bob\Desktop\My-Projects\OOP\OOP_SIMPLE_CLASSES\OOP_EX_1\main.cpp(12,14): error C2352: 'NumberList::Add': illegal call of non-static member function
C:\Users\m2bob\Desktop\My-Projects\OOP\OOP_SIMPLE_CLASSES\OOP_EX_1\NumberList.h(10): message : see declaration of 'NumberList::Add'
C:\Users\m2bob\Desktop\My-Projects\OOP\OOP_SIMPLE_CLASSES\OOP_EX_1\main.cpp(13,14): error C2352: 'NumberList::Add': illegal call of non-static member function
C:\Users\m2bob\Desktop\My-Projects\OOP\OOP_SIMPLE_CLASSES\OOP_EX_1\NumberList.h(10): message : see declaration of 'NumberList::Add'
C:\Users\m2bob\Desktop\My-Projects\OOP\OOP_SIMPLE_CLASSES\OOP_EX_1\main.cpp(14,14): error C2352: 'NumberList::Add': illegal call of non-static member function
C:\Users\m2bob\Desktop\My-Projects\OOP\OOP_SIMPLE_CLASSES\OOP_EX_1\NumberList.h(10): message : see declaration of 'NumberList::Add'
C:\Users\m2bob\Desktop\My-Projects\OOP\OOP_SIMPLE_CLASSES\OOP_EX_1\main.cpp(15,14): error C2352: 'NumberList::Add': illegal call of non-static member function
C:\Users\m2bob\Desktop\My-Projects\OOP\OOP_SIMPLE_CLASSES\OOP_EX_1\NumberList.h(10): message : see declaration of 'NumberList::Add'
C:\Users\m2bob\Desktop\My-Projects\OOP\OOP_SIMPLE_CLASSES\OOP_EX_1\main.cpp(16,14): error C2352: 'NumberList::Add': illegal call of non-static member function
C:\Users\m2bob\Desktop\My-Projects\OOP\OOP_SIMPLE_CLASSES\OOP_EX_1\NumberList.h(10): message : see declaration of 'NumberList::Add'
C:\Users\m2bob\Desktop\My-Projects\OOP\OOP_SIMPLE_CLASSES\OOP_EX_1\main.cpp(18,14): error C2352: 'NumberList::Print': illegal call of non-static member function
C:\Users\m2bob\Desktop\My-Projects\OOP\OOP_SIMPLE_CLASSES\OOP_EX_1\NumberList.h(13): message : see declaration of 'NumberList::Print'
C:\Users\m2bob\Desktop\My-Projects\OOP\OOP_SIMPLE_CLASSES\OOP_EX_1\main.cpp(19,14): warning C4474: 'printf' : too many arguments passed for format string
C:\Users\m2bob\Desktop\My-Projects\OOP\OOP_SIMPLE_CLASSES\OOP_EX_1\main.cpp(19,14): message : placeholders and their parameters expect 0 variadic arguments, but 1 were provided
C:\Users\m2bob\Desktop\My-Projects\OOP\OOP_SIMPLE_CLASSES\OOP_EX_1\main.cpp(20,14): error C2352: 'NumberList::Sort': illegal call of non-static member function
C:\Users\m2bob\Desktop\My-Projects\OOP\OOP_SIMPLE_CLASSES\OOP_EX_1\NumberList.h(12): message : see declaration of 'NumberList::Sort'
C:\Users\m2bob\Desktop\My-Projects\OOP\OOP_SIMPLE_CLASSES\OOP_EX_1\main.cpp(21,14): error C2352: 'NumberList::Print': illegal call of non-static member function
C:\Users\m2bob\Desktop\My-Projects\OOP\OOP_SIMPLE_CLASSES\OOP_EX_1\NumberList.h(13): message : see declaration of 'NumberList::Print'
  NumberList.cpp
C:\Users\m2bob\Desktop\My-Projects\OOP\OOP_SIMPLE_CLASSES\OOP_EX_1\NumberList.cpp(36,9): warning C4473: 'printf' : not enough arguments passed for format string
C:\Users\m2bob\Desktop\My-Projects\OOP\OOP_SIMPLE_CLASSES\OOP_EX_1\NumberList.cpp(36,9): message : placeholders and their parameters expect 1 variadic arguments, but 0 were provided
C:\Users\m2bob\Desktop\My-Projects\OOP\OOP_SIMPLE_CLASSES\OOP_EX_1\NumberList.cpp(36,9): message : the missing variadic argument 1 is required by format string '%d'
  Generating Code...
